{"level":"info","time":"2024-01-20T16:45:16.330+0800","message":"This is an info message"}
{"level":"warn","time":"2024-01-20T16:45:16.340+0800","message":"This is a warning message","key":"value"}
{"level":"error","time":"2024-01-20T16:45:16.340+0800","message":"This is an error message","error":"sample error"}
{"level":"fatal","time":"2024-01-21T14:42:37.883+0800","message":"connect to my sql failed:Error 1049 (42000): Unknown database 'mysql_container'"}
{"level":"info","time":"2024-01-21T14:44:15.440+0800","message":"init mysql success"}
{"level":"info","time":"2024-01-21T14:44:15.461+0800","message":"init redis success"}
{"level":"fatal","time":"2024-01-23T16:53:29.452+0800","message":"connect to my sql failed:dial tcp 127.0.0.1:3306: connectex: No connection could be made because the target machine actively refused it."}
{"level":"info","time":"2024-01-23T23:16:56.860+0800","message":"init mysql success"}
{"level":"info","time":"2024-01-23T23:16:56.876+0800","message":"init redis success"}
{"level":"info","time":"2024-01-23T23:16:56.876+0800","message":"init server success","port":"8080:8080"}
{"level":"info","time":"2024-01-23T23:27:00.300+0800","message":"init mysql success"}
{"level":"info","time":"2024-01-23T23:27:00.316+0800","message":"init redis success"}
{"level":"info","time":"2024-01-23T23:27:00.317+0800","message":"init server success","port":"8080:8080"}
{"level":"info","time":"2024-01-23T23:36:39.673+0800","message":"init mysql success"}
{"level":"info","time":"2024-01-23T23:36:39.686+0800","message":"init redis success"}
{"level":"info","time":"2024-01-23T23:36:39.687+0800","message":"init server success","port":"8080:8080"}
{"level":"info","time":"2024-01-23T23:44:00.107+0800","message":"init mysql success"}
{"level":"info","time":"2024-01-23T23:44:00.122+0800","message":"init redis success"}
{"level":"info","time":"2024-01-23T23:44:00.122+0800","message":"init server success","port":"8080:8080"}
{"level":"info","time":"2024-01-23T23:49:49.757+0800","message":"init mysql success"}
{"level":"info","time":"2024-01-23T23:49:49.773+0800","message":"init redis success"}
{"level":"info","time":"2024-01-23T23:49:49.774+0800","message":"init server success","port":"8080:8080"}
{"level":"info","time":"2024-01-23T23:50:44.543+0800","message":"init mysql success"}
{"level":"info","time":"2024-01-23T23:50:44.557+0800","message":"init redis success"}
{"level":"info","time":"2024-01-23T23:50:44.557+0800","message":"init server success","port":"8080:8080"}
{"level":"info","time":"2024-01-23T23:52:14.719+0800","message":"init mysql success"}
{"level":"info","time":"2024-01-23T23:52:14.735+0800","message":"init redis success"}
{"level":"info","time":"2024-01-23T23:52:14.736+0800","message":"init server success","port":"8080:8080"}
{"level":"info","time":"2024-01-23T23:57:53.254+0800","message":"init mysql success"}
{"level":"info","time":"2024-01-23T23:57:53.271+0800","message":"init redis success"}
{"level":"info","time":"2024-01-23T23:57:53.272+0800","message":"init server success","port":"8080:8080"}
{"level":"info","time":"2024-01-23T23:58:12.050+0800","message":"init mysql success"}
{"level":"info","time":"2024-01-23T23:58:12.062+0800","message":"init redis success"}
{"level":"info","time":"2024-01-23T23:58:12.062+0800","message":"init server success","port":"8080:8080"}
{"level":"info","time":"2024-01-24T00:00:14.761+0800","message":"init mysql success"}
{"level":"info","time":"2024-01-24T00:00:14.775+0800","message":"init redis success"}
{"level":"info","time":"2024-01-24T00:00:14.776+0800","message":"init server success","port":"8080:8080"}
{"level":"info","time":"2024-01-24T00:02:39.266+0800","message":"init mysql success"}
{"level":"info","time":"2024-01-24T00:02:39.279+0800","message":"init redis success"}
{"level":"info","time":"2024-01-24T00:02:39.279+0800","message":"init server success","port":"8080:8080"}
{"level":"info","time":"2024-01-24T00:03:01.077+0800","message":"init mysql success"}
{"level":"info","time":"2024-01-24T00:03:01.090+0800","message":"init redis success"}
{"level":"info","time":"2024-01-24T00:03:01.090+0800","message":"init server success","port":"8080:8080"}
{"level":"info","time":"2024-01-24T00:08:36.862+0800","message":"init mysql success"}
{"level":"info","time":"2024-01-24T00:08:36.878+0800","message":"init redis success"}
{"level":"info","time":"2024-01-24T00:08:36.878+0800","message":"init server success","port":"8080:8080"}
{"level":"warn","time":"2024-01-24T00:08:39.565+0800","message":"save room information failed,ERR wrong number of arguments for 'hset' command"}
{"level":"warn","time":"2024-01-24T00:09:56.887+0800","message":"save room information failed,ERR wrong number of arguments for 'hset' command"}
{"level":"info","time":"2024-01-24T00:11:50.627+0800","message":"init mysql success"}
{"level":"info","time":"2024-01-24T00:11:50.642+0800","message":"init redis success"}
{"level":"info","time":"2024-01-24T00:11:50.642+0800","message":"init server success","port":"8080:8080"}
{"level":"info","time":"2024-01-24T00:12:53.219+0800","message":"save room information success,"}
{"level":"info","time":"2024-01-24T00:26:53.627+0800","message":"init mysql success"}
{"level":"info","time":"2024-01-24T00:26:53.642+0800","message":"init redis success"}
{"level":"info","time":"2024-01-24T00:26:53.642+0800","message":"init server success","port":"8080:8080"}
{"level":"info","time":"2024-01-24T00:26:57.803+0800","message":"save room information success,"}
{"level":"info","time":"2024-01-24T00:27:24.777+0800","message":"save room information success,"}
{"level":"info","time":"2024-01-24T00:27:27.281+0800","message":"save room information success,"}
{"level":"info","time":"2024-01-24T00:30:15.391+0800","message":"init mysql success"}
{"level":"info","time":"2024-01-24T00:30:15.408+0800","message":"init redis success"}
{"level":"info","time":"2024-01-24T00:30:15.408+0800","message":"init server success","port":"8080:8080"}
{"level":"info","time":"2024-01-24T16:09:07.399+0800","message":"init mysql success"}
{"level":"info","time":"2024-01-24T16:09:07.435+0800","message":"init redis success"}
{"level":"info","time":"2024-01-24T16:09:07.435+0800","message":"init server success","port":"8080:8080"}
{"level":"info","time":"2024-01-24T16:11:13.689+0800","message":"registersuccess"}
{"level":"warn","time":"2024-01-24T16:13:21.601+0800","message":"get information failed,sql: Scan error on column index 5, name \"avatar\": converting NULL to string is unsupported"}
{"level":"info","time":"2024-01-24T16:13:21.602+0800","message":"get information success,sql: Scan error on column index 5, name \"avatar\": converting NULL to string is unsupported"}
{"level":"info","time":"2024-01-24T16:35:27.913+0800","message":"init mysql success"}
{"level":"info","time":"2024-01-24T16:35:27.928+0800","message":"init redis success"}
{"level":"info","time":"2024-01-24T16:35:27.928+0800","message":"init server success","port":"8080:8080"}
{"level":"info","time":"2024-01-24T16:35:37.998+0800","message":"username  existed in redis"}
{"level":"info","time":"2024-01-24T16:38:33.679+0800","message":"init mysql success"}
{"level":"info","time":"2024-01-24T16:38:33.694+0800","message":"init redis success"}
{"level":"info","time":"2024-01-24T16:38:33.694+0800","message":"init server success","port":"8080:8080"}
{"level":"info","time":"2024-01-24T16:39:00.830+0800","message":"username  existed in redis"}
{"level":"info","time":"2024-01-24T16:39:53.841+0800","message":"registeradminsuccess"}
{"level":"warn","time":"2024-01-24T16:40:12.820+0800","message":"get information failed,sql: Scan error on column index 5, name \"avatar\": converting NULL to string is unsupported"}
{"level":"info","time":"2024-01-24T16:40:12.821+0800","message":"get information success,sql: Scan error on column index 5, name \"avatar\": converting NULL to string is unsupported"}
{"level":"info","time":"2024-01-24T16:43:52.808+0800","message":"init mysql success"}
{"level":"info","time":"2024-01-24T16:43:52.826+0800","message":"init redis success"}
{"level":"info","time":"2024-01-24T16:43:52.826+0800","message":"init server success","port":"8080:8080"}
{"level":"info","time":"2024-01-24T16:44:20.417+0800","message":"init mysql success"}
{"level":"info","time":"2024-01-24T16:44:20.436+0800","message":"init redis success"}
{"level":"info","time":"2024-01-24T16:44:20.436+0800","message":"init server success","port":"8080:8080"}
{"level":"info","time":"2024-01-24T16:44:36.543+0800","message":"username admin existed in redis"}
{"level":"info","time":"2024-01-24T16:45:58.856+0800","message":"init mysql success"}
{"level":"info","time":"2024-01-24T16:45:58.870+0800","message":"init redis success"}
{"level":"info","time":"2024-01-24T16:45:58.870+0800","message":"init server success","port":"8080:8080"}
{"level":"info","time":"2024-01-24T16:46:43.639+0800","message":"init mysql success"}
{"level":"info","time":"2024-01-24T16:46:43.654+0800","message":"init redis success"}
{"level":"info","time":"2024-01-24T16:46:43.654+0800","message":"init server success","port":"8080:8080"}
{"level":"info","time":"2024-01-24T17:00:50.142+0800","message":"init mysql success"}
{"level":"info","time":"2024-01-24T17:00:50.159+0800","message":"init redis success"}
{"level":"info","time":"2024-01-24T17:00:50.159+0800","message":"init server success","port":"8080:8080"}
{"level":"info","time":"2024-01-24T17:00:58.275+0800","message":"registeradminsuccess"}
{"level":"info","time":"2024-01-24T17:03:40.475+0800","message":"init mysql success"}
{"level":"info","time":"2024-01-24T17:03:40.497+0800","message":"init redis success"}
{"level":"info","time":"2024-01-24T17:03:40.497+0800","message":"init server success","port":"8080:8080"}
{"level":"warn","time":"2024-01-24T17:03:43.482+0800","message":"get information failed,sql: Scan error on column index 5, name \"avatar\": converting NULL to string is unsupported"}
{"level":"info","time":"2024-01-24T17:03:43.482+0800","message":"get information success,sql: Scan error on column index 5, name \"avatar\": converting NULL to string is unsupported"}
{"level":"info","time":"2024-01-24T17:16:42.832+0800","message":"init mysql success"}
{"level":"info","time":"2024-01-24T17:16:42.850+0800","message":"init redis success"}
{"level":"info","time":"2024-01-24T17:16:42.850+0800","message":"init server success","port":"8080:8080"}
{"level":"warn","time":"2024-01-24T17:18:00.550+0800","message":"get roomID failed,EOF"}
{"level":"info","time":"2024-01-24T17:18:49.356+0800","message":"get room information success"}
{"level":"info","time":"2024-01-26T14:42:30.700+0800","message":"init mysql success"}
{"level":"info","time":"2024-01-26T14:42:30.716+0800","message":"init redis success"}
{"level":"info","time":"2024-01-26T14:42:30.716+0800","message":"init server success","port":"8080:8080"}
{"level":"info","time":"2024-01-26T14:43:36.259+0800","message":"init mysql success"}
{"level":"info","time":"2024-01-26T14:43:36.275+0800","message":"init redis success"}
{"level":"info","time":"2024-01-26T14:43:36.275+0800","message":"init server success","port":"8080:8080"}
{"level":"warn","time":"2024-01-26T14:43:39.555+0800","message":"get information failed,missing destination name avatar in *model.User"}
{"level":"info","time":"2024-01-26T14:43:39.555+0800","message":"get information success,missing destination name avatar in *model.User"}
{"level":"info","time":"2024-01-26T14:54:36.246+0800","message":"username admin existed in redis"}
{"level":"info","time":"2024-01-26T14:55:00.079+0800","message":"registeradminsuccess"}
{"level":"info","time":"2024-01-26T14:56:13.918+0800","message":"init mysql success"}
{"level":"info","time":"2024-01-26T14:56:13.936+0800","message":"init redis success"}
{"level":"info","time":"2024-01-26T14:56:13.936+0800","message":"init server success","port":"8080:8080"}
{"level":"info","time":"2024-01-26T14:56:33.344+0800","message":"init mysql success"}
{"level":"info","time":"2024-01-26T14:56:33.360+0800","message":"init redis success"}
{"level":"info","time":"2024-01-26T14:56:33.360+0800","message":"init server success","port":"8080:8080"}
{"level":"info","time":"2024-01-26T14:57:30.490+0800","message":"init mysql success"}
{"level":"info","time":"2024-01-26T14:57:30.506+0800","message":"init redis success"}
{"level":"info","time":"2024-01-26T14:57:30.507+0800","message":"init server success","port":"8080:8080"}
{"level":"info","time":"2024-01-26T14:58:15.513+0800","message":"init mysql success"}
{"level":"info","time":"2024-01-26T14:58:15.527+0800","message":"init redis success"}
{"level":"info","time":"2024-01-26T14:58:15.527+0800","message":"init server success","port":"8080:8080"}
{"level":"info","time":"2024-01-26T14:58:17.495+0800","message":"get information success,"}
{"level":"info","time":"2024-01-26T15:04:57.363+0800","message":"init mysql success"}
{"level":"info","time":"2024-01-26T15:04:57.379+0800","message":"init redis success"}
{"level":"info","time":"2024-01-26T15:04:57.379+0800","message":"init server success","port":"8080:8080"}
{"level":"info","time":"2024-01-26T15:05:40.101+0800","message":"username admin existed in redis"}
{"level":"info","time":"2024-01-26T15:06:49.964+0800","message":"registerababsuccess"}
{"level":"info","time":"2024-01-26T15:07:00.017+0800","message":"username abab existed in redis"}
{"level":"info","time":"2024-01-26T15:07:05.365+0800","message":"username abab existed in redis"}
{"level":"info","time":"2024-01-26T15:13:10.080+0800","message":"init mysql success"}
{"level":"info","time":"2024-01-26T15:13:10.098+0800","message":"init redis success"}
{"level":"info","time":"2024-01-26T15:13:10.098+0800","message":"init server success","port":"8080:8080"}
{"level":"info","time":"2024-01-26T15:13:13.484+0800","message":"username abab existed in redis"}
{"level":"info","time":"2024-01-26T15:13:13.489+0800","message":"abab login success"}
{"level":"info","time":"2024-01-26T15:13:13.502+0800","message":"get information success,"}
{"level":"info","time":"2024-01-26T16:21:15.261+0800","message":"init mysql success"}
{"level":"info","time":"2024-01-26T16:21:15.284+0800","message":"init redis success"}
{"level":"info","time":"2024-01-26T16:21:15.285+0800","message":"init server success","port":"8080:8080"}
{"level":"info","time":"2024-01-26T16:21:27.584+0800","message":"username abab existed in redis"}
{"level":"info","time":"2024-01-26T16:21:29.881+0800","message":"username abab existed in redis"}
{"level":"info","time":"2024-01-26T16:21:39.309+0800","message":"username abab existed in redis"}
{"level":"info","time":"2024-01-26T16:28:56.881+0800","message":"init mysql success"}
{"level":"info","time":"2024-01-26T16:28:56.896+0800","message":"init redis success"}
{"level":"info","time":"2024-01-26T16:28:56.896+0800","message":"init server success","port":"8080:8080"}
{"level":"info","time":"2024-01-26T16:29:19.740+0800","message":"username abab existed in redis"}
{"level":"warn","time":"2024-01-26T16:29:19.750+0800","message":"usernameababmysql select failedmissing destination name star in *model.User"}
{"level":"info","time":"2024-01-26T16:32:14.862+0800","message":"init mysql success"}
{"level":"info","time":"2024-01-26T16:32:14.877+0800","message":"init redis success"}
{"level":"info","time":"2024-01-26T16:32:14.877+0800","message":"init server success","port":"8080:8080"}
{"level":"info","time":"2024-01-26T16:32:19.477+0800","message":"username abab existed in redis"}
{"level":"warn","time":"2024-01-26T16:32:19.482+0800","message":"usernameababmysql select failedmissing destination name starAmount in *model.User"}
{"level":"info","time":"2024-01-26T16:36:07.340+0800","message":"init mysql success"}
{"level":"info","time":"2024-01-26T16:36:07.356+0800","message":"init redis success"}
{"level":"info","time":"2024-01-26T16:36:07.356+0800","message":"init server success","port":"8080:8080"}
{"level":"info","time":"2024-01-26T16:36:51.108+0800","message":"username abab existed in redis"}
{"level":"warn","time":"2024-01-26T16:36:51.113+0800","message":"usernameabab mysql select failed missing destination name starAmount in *model.User"}
{"level":"info","time":"2024-01-26T16:39:03.683+0800","message":"init mysql success"}
{"level":"info","time":"2024-01-26T16:39:03.702+0800","message":"init redis success"}
{"level":"info","time":"2024-01-26T16:39:03.702+0800","message":"init server success","port":"8080:8080"}
{"level":"info","time":"2024-01-26T16:39:07.432+0800","message":"username abab existed in redis"}
{"level":"warn","time":"2024-01-26T16:39:07.440+0800","message":"usernameabab mysql select failed missing destination name starAmount in *model.User"}
{"level":"info","time":"2024-01-26T16:41:20.366+0800","message":"init mysql success"}
{"level":"info","time":"2024-01-26T16:41:20.380+0800","message":"init redis success"}
{"level":"info","time":"2024-01-26T16:41:20.381+0800","message":"init server success","port":"8080:8080"}
{"level":"info","time":"2024-01-26T16:41:22.291+0800","message":"username abab existed in redis"}
{"level":"warn","time":"2024-01-26T16:41:22.294+0800","message":"usernameabab mysql select failed missing destination name starAmount in *model.User"}
{"level":"info","time":"2024-01-26T16:44:40.764+0800","message":"init mysql success"}
{"level":"info","time":"2024-01-26T16:44:40.782+0800","message":"init redis success"}
{"level":"info","time":"2024-01-26T16:44:40.782+0800","message":"init server success","port":"8080:8080"}
{"level":"info","time":"2024-01-26T16:44:46.175+0800","message":"username abab existed in redis"}
{"level":"warn","time":"2024-01-26T16:44:46.178+0800","message":"usernameabab mysql select failed missing destination name starAmount in *model.User"}
{"level":"info","time":"2024-01-26T16:44:57.071+0800","message":"username abab existed in redis"}
{"level":"warn","time":"2024-01-26T16:44:57.074+0800","message":"usernameabab mysql select failed missing destination name starAmount in *model.User"}
{"level":"info","time":"2024-01-26T16:46:55.386+0800","message":"init mysql success"}
{"level":"info","time":"2024-01-26T16:46:55.403+0800","message":"init redis success"}
{"level":"info","time":"2024-01-26T16:46:55.403+0800","message":"init server success","port":"8080:8080"}
{"level":"info","time":"2024-01-26T16:47:06.614+0800","message":"username abab existed in redis"}
{"level":"warn","time":"2024-01-26T16:47:06.618+0800","message":"usernameabab mysql select failed missing destination name starAmount in *model.User"}
{"level":"info","time":"2024-01-26T16:50:09.998+0800","message":"init mysql success"}
{"level":"info","time":"2024-01-26T16:50:10.015+0800","message":"init redis success"}
{"level":"info","time":"2024-01-26T16:50:10.015+0800","message":"init server success","port":"8080:8080"}
{"level":"info","time":"2024-01-26T16:50:17.276+0800","message":"username abab existed in redis"}
{"level":"warn","time":"2024-01-26T16:50:17.278+0800","message":"usernameabab mysql select failed missing destination name starAmount in *model.User"}
{"level":"info","time":"2024-01-26T16:53:10.869+0800","message":"init mysql success"}
{"level":"info","time":"2024-01-26T16:53:10.883+0800","message":"init redis success"}
{"level":"info","time":"2024-01-26T16:53:10.883+0800","message":"init server success","port":"8080:8080"}
{"level":"info","time":"2024-01-26T16:53:15.938+0800","message":"username abab existed in redis"}
{"level":"info","time":"2024-01-26T16:53:15.942+0800","message":"abab login success"}
{"level":"info","time":"2024-01-26T16:53:15.949+0800","message":"get information success,"}
{"level":"info","time":"2024-01-26T16:53:43.850+0800","message":"init mysql success"}
{"level":"info","time":"2024-01-26T16:53:43.864+0800","message":"init redis success"}
{"level":"info","time":"2024-01-26T16:53:43.864+0800","message":"init server success","port":"8080:8080"}
{"level":"info","time":"2024-01-26T16:54:05.195+0800","message":"username abab existed in redis"}
{"level":"info","time":"2024-01-26T16:54:05.199+0800","message":"abab login success"}
{"level":"info","time":"2024-01-26T16:54:05.205+0800","message":"get information success,"}
{"level":"info","time":"2024-01-26T16:57:31.756+0800","message":"init mysql success"}
{"level":"info","time":"2024-01-26T16:57:31.775+0800","message":"init redis success"}
{"level":"info","time":"2024-01-26T16:57:31.775+0800","message":"init server success","port":"8080:8080"}
{"level":"info","time":"2024-01-26T16:57:39.618+0800","message":"username abab existed in redis"}
{"level":"info","time":"2024-01-26T16:57:39.623+0800","message":"abab login success"}
{"level":"info","time":"2024-01-26T16:57:39.631+0800","message":"get information success,"}
{"level":"info","time":"2024-01-26T17:06:37.671+0800","message":"init mysql success"}
{"level":"info","time":"2024-01-26T17:06:37.690+0800","message":"init redis success"}
{"level":"info","time":"2024-01-26T17:06:37.690+0800","message":"init server success","port":"8080:8080"}
{"level":"info","time":"2024-01-26T17:06:41.925+0800","message":"username abab existed in redis"}
{"level":"info","time":"2024-01-26T17:06:41.931+0800","message":"abab login success"}
{"level":"info","time":"2024-01-26T17:06:41.943+0800","message":"get information success,"}
{"level":"info","time":"2024-01-26T17:07:24.342+0800","message":"username abab existed in redis"}
{"level":"info","time":"2024-01-26T17:07:24.347+0800","message":"abab login success"}
{"level":"info","time":"2024-01-26T17:07:24.357+0800","message":"get information success,"}
{"level":"info","time":"2024-01-26T17:09:01.187+0800","message":"init mysql success"}
{"level":"info","time":"2024-01-26T17:09:01.202+0800","message":"init redis success"}
{"level":"info","time":"2024-01-26T17:09:01.202+0800","message":"init server success","port":"8080:8080"}
{"level":"info","time":"2024-01-26T17:09:09.858+0800","message":"username abab existed in redis"}
{"level":"info","time":"2024-01-26T17:09:09.865+0800","message":"abab login success"}
{"level":"info","time":"2024-01-26T17:09:09.874+0800","message":"get information success,"}
{"level":"info","time":"2024-01-26T17:13:42.888+0800","message":"edit information success"}
{"level":"info","time":"2024-01-26T17:14:21.521+0800","message":"username abab existed in redis"}
{"level":"info","time":"2024-01-26T17:14:21.524+0800","message":"abab login success"}
{"level":"info","time":"2024-01-26T17:14:21.535+0800","message":"get information success,"}
{"level":"info","time":"2024-01-26T17:14:33.022+0800","message":"edit information success"}
{"level":"info","time":"2024-01-26T17:14:48.660+0800","message":"username abab existed in redis"}
{"level":"info","time":"2024-01-26T17:14:48.665+0800","message":"abab login success"}
{"level":"info","time":"2024-01-26T17:14:48.673+0800","message":"get information success,"}
{"level":"info","time":"2024-01-26T17:19:37.368+0800","message":"edit information success"}
{"level":"info","time":"2024-01-26T17:20:18.954+0800","message":"edit information success"}
{"level":"info","time":"2024-01-26T17:23:15.940+0800","message":"init mysql success"}
{"level":"info","time":"2024-01-26T17:23:15.956+0800","message":"init redis success"}
{"level":"info","time":"2024-01-26T17:23:15.957+0800","message":"init server success","port":"8080:8080"}
{"level":"info","time":"2024-01-26T17:23:21.761+0800","message":"username abab existed in redis"}
{"level":"info","time":"2024-01-26T17:23:21.767+0800","message":"abab login success"}
{"level":"info","time":"2024-01-26T17:23:21.782+0800","message":"get information success,"}
{"level":"info","time":"2024-01-26T17:25:54.670+0800","message":"edit information success"}
{"level":"info","time":"2024-01-26T17:33:19.087+0800","message":"init mysql success"}
{"level":"info","time":"2024-01-26T17:33:19.104+0800","message":"init redis success"}
{"level":"info","time":"2024-01-26T17:33:19.104+0800","message":"init server success","port":"8080:8080"}
{"level":"info","time":"2024-01-26T17:33:35.571+0800","message":"username abab existed in redis"}
{"level":"info","time":"2024-01-26T17:33:35.577+0800","message":"abab login success"}
{"level":"info","time":"2024-01-26T17:33:35.586+0800","message":"get information success,"}
{"level":"info","time":"2024-01-26T17:37:46.288+0800","message":"init mysql success"}
{"level":"info","time":"2024-01-26T17:37:46.301+0800","message":"init redis success"}
{"level":"info","time":"2024-01-26T17:37:46.301+0800","message":"init server success","port":"8080:8080"}
{"level":"info","time":"2024-01-26T17:37:58.120+0800","message":"username abab existed in redis"}
{"level":"info","time":"2024-01-26T17:37:58.126+0800","message":"abab login success"}
{"level":"info","time":"2024-01-26T17:37:58.140+0800","message":"get information success,"}
{"level":"info","time":"2024-01-26T17:38:05.499+0800","message":"edit information success"}
{"level":"info","time":"2024-01-28T15:24:57.413+0800","message":"init mysql success"}
{"level":"info","time":"2024-01-28T15:24:57.427+0800","message":"init redis success"}
{"level":"info","time":"2024-01-28T15:24:57.427+0800","message":"init server success","port":"8080:8080"}
{"level":"info","time":"2024-01-28T15:25:33.317+0800","message":"init mysql success"}
{"level":"info","time":"2024-01-28T15:25:33.333+0800","message":"init redis success"}
{"level":"info","time":"2024-01-28T15:25:33.333+0800","message":"init server success","port":"8080:8080"}
{"level":"info","time":"2024-01-28T15:25:38.110+0800","message":"username abab existed in redis"}
{"level":"info","time":"2024-01-28T15:25:38.125+0800","message":"abab login success"}
{"level":"info","time":"2024-01-28T15:25:38.134+0800","message":"get information success,"}
{"level":"info","time":"2024-01-28T16:08:29.903+0800","message":"init mysql success"}
{"level":"info","time":"2024-01-28T16:08:29.931+0800","message":"init redis success"}
{"level":"info","time":"2024-01-28T16:08:29.931+0800","message":"init server success","port":"8080:8080"}
{"level":"info","time":"2024-01-28T16:08:42.645+0800","message":"username abab existed in redis"}
{"level":"info","time":"2024-01-28T16:08:42.692+0800","message":"abab login success"}
{"level":"info","time":"2024-01-28T16:08:42.701+0800","message":"get information success,"}
{"level":"info","time":"2024-01-28T16:08:43.857+0800","message":"get room information success"}
{"level":"info","time":"2024-01-28T16:09:26.793+0800","message":"save room information success,"}
{"level":"info","time":"2024-01-28T16:09:34.015+0800","message":"save room information success,"}
{"level":"info","time":"2024-01-28T16:11:06.831+0800","message":"username admin existed in redis"}
{"level":"info","time":"2024-01-28T16:11:06.838+0800","message":"admin login success"}
{"level":"info","time":"2024-01-28T16:11:06.849+0800","message":"get information success,"}
{"level":"info","time":"2024-01-28T16:11:08.265+0800","message":"get room information success"}
{"level":"info","time":"2024-01-28T16:11:13.078+0800","message":"get room information success"}
{"level":"info","time":"2024-01-28T16:11:51.385+0800","message":"save room information success,"}
{"level":"info","time":"2024-01-28T16:13:19.004+0800","message":"get room information success"}
{"level":"info","time":"2024-01-28T16:13:19.885+0800","message":"get room information success"}
{"level":"info","time":"2024-01-28T16:13:20.684+0800","message":"get room information success"}
{"level":"info","time":"2024-01-28T16:15:14.196+0800","message":"get room information success"}
{"level":"info","time":"2024-01-28T16:22:58.851+0800","message":"init mysql success"}
{"level":"info","time":"2024-01-28T16:22:58.868+0800","message":"init redis success"}
{"level":"info","time":"2024-01-28T16:22:58.868+0800","message":"init server success","port":"8080:8080"}
{"level":"info","time":"2024-01-28T16:23:17.305+0800","message":"username abab existed in redis"}
{"level":"info","time":"2024-01-28T16:23:17.311+0800","message":"abab login success"}
{"level":"info","time":"2024-01-28T16:23:17.322+0800","message":"get information success,"}
{"level":"info","time":"2024-01-28T16:23:18.352+0800","message":"get room information success"}
{"level":"info","time":"2024-01-28T16:23:38.849+0800","message":"get room information success"}
{"level":"info","time":"2024-01-28T16:23:39.845+0800","message":"get room information success"}
{"level":"info","time":"2024-01-28T16:23:55.372+0800","message":"get room information success"}
{"level":"info","time":"2024-01-28T16:23:55.919+0800","message":"get room information success"}
{"level":"info","time":"2024-01-28T16:23:59.135+0800","message":"get room information success"}
{"level":"info","time":"2024-01-28T16:23:59.341+0800","message":"get room information success"}
{"level":"info","time":"2024-01-28T16:24:21.009+0800","message":"save room information success,"}
{"level":"info","time":"2024-01-28T16:24:24.309+0800","message":"get room information success"}
{"level":"info","time":"2024-01-28T16:24:26.980+0800","message":"get room information success"}
{"level":"info","time":"2024-01-28T16:24:37.268+0800","message":"get room information success"}
{"level":"info","time":"2024-01-28T16:26:54.487+0800","message":"get room information success"}
{"level":"info","time":"2024-01-28T16:35:31.801+0800","message":"init mysql success"}
{"level":"info","time":"2024-01-28T16:35:31.817+0800","message":"init redis success"}
{"level":"info","time":"2024-01-28T16:35:31.818+0800","message":"init server success","port":"8080:8080"}
{"level":"info","time":"2024-01-28T16:36:03.933+0800","message":"username abab existed in redis"}
{"level":"info","time":"2024-01-28T16:36:03.939+0800","message":"abab login success"}
{"level":"info","time":"2024-01-28T16:36:03.951+0800","message":"get information success,"}
{"level":"info","time":"2024-01-28T16:36:05.540+0800","message":"get room information success"}
{"level":"info","time":"2024-01-28T16:36:12.096+0800","message":"get room information success"}
{"level":"info","time":"2024-01-28T16:36:13.937+0800","message":"get room information success"}
{"level":"info","time":"2024-01-28T16:36:26.831+0800","message":"save room information success,"}
{"level":"info","time":"2024-01-28T16:36:28.021+0800","message":"get room information success"}
{"level":"info","time":"2024-01-28T16:36:45.398+0800","message":"get room information success"}
{"level":"info","time":"2024-01-28T16:36:47.719+0800","message":"get room information success"}
{"level":"info","time":"2024-01-28T16:36:52.906+0800","message":"get room information success"}
{"level":"info","time":"2024-01-28T16:37:13.415+0800","message":"username admin existed in redis"}
{"level":"info","time":"2024-01-28T16:37:13.425+0800","message":"admin login success"}
{"level":"info","time":"2024-01-28T16:37:13.434+0800","message":"get information success,"}
{"level":"info","time":"2024-01-28T16:37:14.743+0800","message":"get room information success"}
{"level":"info","time":"2024-01-28T16:37:36.376+0800","message":"get room information success"}
{"level":"info","time":"2024-01-28T16:37:37.637+0800","message":"get room information success"}
{"level":"info","time":"2024-01-28T16:37:49.117+0800","message":"get room information success"}
{"level":"info","time":"2024-01-28T16:41:20.925+0800","message":"init mysql success"}
{"level":"info","time":"2024-01-28T16:41:20.944+0800","message":"init redis success"}
{"level":"info","time":"2024-01-28T16:41:20.944+0800","message":"init server success","port":"8080:8080"}
{"level":"info","time":"2024-01-28T16:41:23.835+0800","message":"username abab existed in redis"}
{"level":"info","time":"2024-01-28T16:41:23.841+0800","message":"abab login success"}
{"level":"info","time":"2024-01-28T16:41:23.853+0800","message":"get information success,"}
{"level":"info","time":"2024-01-28T16:41:25.116+0800","message":"get room information success"}
{"level":"info","time":"2024-01-28T17:23:24.781+0800","message":"init mysql success"}
{"level":"info","time":"2024-01-28T17:23:24.799+0800","message":"init redis success"}
{"level":"info","time":"2024-01-28T17:23:24.799+0800","message":"init server success","port":"8080:8080"}
{"level":"info","time":"2024-01-28T17:23:38.635+0800","message":"username abab existed in redis"}
{"level":"info","time":"2024-01-28T17:23:38.665+0800","message":"abab login success"}
{"level":"info","time":"2024-01-28T17:23:38.678+0800","message":"get information success,"}
{"level":"info","time":"2024-01-28T17:23:39.774+0800","message":"get room information success"}
{"level":"warn","time":"2024-01-28T17:23:50.849+0800","message":"get roomID failed,json: cannot unmarshal number into Go struct field Message.roomID of type string"}
{"level":"info","time":"2024-01-28T17:29:09.788+0800","message":"init mysql success"}
{"level":"info","time":"2024-01-28T17:29:09.803+0800","message":"init redis success"}
{"level":"info","time":"2024-01-28T17:29:09.803+0800","message":"init server success","port":"8080:8080"}
{"level":"info","time":"2024-01-28T17:29:18.179+0800","message":"username abab existed in redis"}
{"level":"info","time":"2024-01-28T17:29:18.184+0800","message":"abab login success"}
{"level":"info","time":"2024-01-28T17:29:18.207+0800","message":"get information success,"}
{"level":"info","time":"2024-01-28T17:29:19.421+0800","message":"get room information success"}
{"level":"warn","time":"2024-01-28T17:29:27.340+0800","message":"password wrong"}
{"level":"warn","time":"2024-01-28T17:31:31.584+0800","message":"password wrong"}
{"level":"info","time":"2024-01-28T17:33:52.630+0800","message":"init mysql success"}
{"level":"info","time":"2024-01-28T17:33:52.649+0800","message":"init redis success"}
{"level":"info","time":"2024-01-28T17:33:52.650+0800","message":"init server success","port":"8080:8080"}
{"level":"info","time":"2024-01-28T17:33:57.913+0800","message":"username abab existed in redis"}
{"level":"info","time":"2024-01-28T17:33:57.932+0800","message":"abab login success"}
{"level":"info","time":"2024-01-28T17:33:57.945+0800","message":"get information success,"}
{"level":"info","time":"2024-01-28T17:33:58.818+0800","message":"get room information success"}
{"level":"warn","time":"2024-01-28T17:34:05.505+0800","message":"abab have entered room"}
{"level":"info","time":"2024-01-28T17:34:20.238+0800","message":"username admin existed in redis"}
{"level":"info","time":"2024-01-28T17:34:20.245+0800","message":"admin login success"}
{"level":"info","time":"2024-01-28T17:34:20.253+0800","message":"get information success,"}
{"level":"info","time":"2024-01-28T17:34:21.050+0800","message":"get room information success"}
{"level":"info","time":"2024-01-28T17:34:37.327+0800","message":"save room information success"}
{"level":"info","time":"2024-01-28T17:34:52.606+0800","message":"get room information success"}
{"level":"info","time":"2024-01-28T17:35:02.516+0800","message":"get room information success"}
{"level":"info","time":"2024-01-28T17:35:22.099+0800","message":"get room information success"}
{"level":"info","time":"2024-01-28T17:35:27.209+0800","message":"get room information success"}
{"level":"info","time":"2024-01-28T17:38:19.375+0800","message":"init mysql success"}
{"level":"info","time":"2024-01-28T17:38:19.408+0800","message":"init redis success"}
{"level":"info","time":"2024-01-28T17:38:19.408+0800","message":"init server success","port":"8080:8080"}
{"level":"info","time":"2024-01-28T17:38:28.978+0800","message":"username abab existed in redis"}
{"level":"info","time":"2024-01-28T17:38:28.984+0800","message":"abab login success"}
{"level":"info","time":"2024-01-28T17:38:28.996+0800","message":"get information success,"}
{"level":"info","time":"2024-01-28T17:38:30.105+0800","message":"get room information success"}
{"level":"info","time":"2024-01-28T17:38:32.973+0800","message":"get room information success"}
{"level":"info","time":"2024-01-28T17:38:37.125+0800","message":"get room information success"}
{"level":"info","time":"2024-01-28T17:38:38.024+0800","message":"get room information success"}
{"level":"info","time":"2024-01-28T17:39:05.420+0800","message":"get room information success"}
{"level":"warn","time":"2024-01-28T17:39:16.271+0800","message":"get nickname failed"}
{"level":"info","time":"2024-01-28T17:39:45.927+0800","message":"username abab existed in redis"}
{"level":"info","time":"2024-01-28T17:39:45.933+0800","message":"abab login success"}
{"level":"info","time":"2024-01-28T17:39:45.947+0800","message":"get information success,"}
{"level":"info","time":"2024-01-28T17:39:47.060+0800","message":"get room information success"}
{"level":"info","time":"2024-01-28T17:39:59.453+0800","message":"save room information success,"}
{"level":"info","time":"2024-01-28T17:40:00.414+0800","message":"get room information success"}
{"level":"info","time":"2024-01-28T17:40:19.457+0800","message":"username admin existed in redis"}
{"level":"info","time":"2024-01-28T17:40:19.462+0800","message":"admin login success"}
{"level":"info","time":"2024-01-28T17:40:19.470+0800","message":"get information success,"}
{"level":"info","time":"2024-01-28T17:40:21.039+0800","message":"get room information success"}
{"level":"warn","time":"2024-01-28T17:40:26.489+0800","message":"password wrong"}
{"level":"info","time":"2024-01-28T17:44:19.369+0800","message":"init mysql success"}
{"level":"info","time":"2024-01-28T17:44:19.389+0800","message":"init redis success"}
{"level":"info","time":"2024-01-28T17:44:19.389+0800","message":"init server success","port":"8080:8080"}
{"level":"info","time":"2024-01-28T17:44:28.768+0800","message":"username abab existed in redis"}
{"level":"info","time":"2024-01-28T17:44:28.793+0800","message":"abab login success"}
{"level":"info","time":"2024-01-28T17:44:28.802+0800","message":"get information success,"}
{"level":"info","time":"2024-01-28T17:44:29.915+0800","message":"get room information success"}
{"level":"info","time":"2024-01-28T17:44:34.761+0800","message":"username abab existed in redis"}
{"level":"info","time":"2024-01-28T17:44:34.765+0800","message":"abab login success"}
{"level":"info","time":"2024-01-28T17:44:34.773+0800","message":"get information success,"}
{"level":"info","time":"2024-01-28T17:44:35.943+0800","message":"get room information success"}
{"level":"info","time":"2024-01-28T17:45:21.954+0800","message":"username admin existed in redis"}
{"level":"info","time":"2024-01-28T17:45:21.959+0800","message":"admin login success"}
{"level":"info","time":"2024-01-28T17:45:21.970+0800","message":"get information success,"}
{"level":"info","time":"2024-01-28T17:45:23.056+0800","message":"get room information success"}
{"level":"info","time":"2024-01-28T17:45:46.956+0800","message":"save room information success,"}
{"level":"info","time":"2024-01-28T17:45:48.276+0800","message":"get room information success"}
{"level":"info","time":"2024-01-28T17:45:52.373+0800","message":"get room information success"}
{"level":"info","time":"2024-01-28T17:46:10.909+0800","message":"save room information success"}
{"level":"info","time":"2024-01-28T17:46:16.936+0800","message":"adminleave 1 success"}
{"level":"info","time":"2024-01-28T17:46:17.018+0800","message":"get room information success"}
{"level":"info","time":"2024-01-28T17:46:24.218+0800","message":"save room information success"}
{"level":"info","time":"2024-01-28T17:47:18.351+0800","message":"registeracacsuccess"}
{"level":"info","time":"2024-01-28T17:47:24.743+0800","message":"username acac existed in redis"}
{"level":"info","time":"2024-01-28T17:47:24.751+0800","message":"acac login success"}
{"level":"info","time":"2024-01-28T17:47:24.760+0800","message":"get information success,"}
{"level":"info","time":"2024-01-28T17:47:25.755+0800","message":"get room information success"}
